app/build/intermediates/manifest_merge_blame_file/debug/manifest-merger-blame-debug-report.txt
1<?xml version="1.0" encoding="utf-8"?>
2<manifest xmlns:android="http://schemas.android.com/apk/res/android"
3    package="com.ID.loginappdemo"
4    android:versionCode="1"
5    android:versionName="1.0" >
6
7    <uses-sdk
8        android:minSdkVersion="23"
8-->src\main\AndroidManifest.xml
9        android:targetSdkVersion="28" />
9-->src\main\AndroidManifest.xml
10
11    <uses-permission android:name="android.permission.INTERNET" />
11-->src\main\AndroidManifest.xml:5:5-67
11-->src\main\AndroidManifest.xml:5:22-64
12    <uses-permission android:name="android.permission.ACCESS_NETWORK_STATE" />
12-->src\main\AndroidManifest.xml:6:5-79
12-->src\main\AndroidManifest.xml:6:22-76
13
14    <application
14-->src\main\AndroidManifest.xml:8:5-51:19
15        android:allowBackup="true"
15-->src\main\AndroidManifest.xml:9:9-35
16        android:appComponentFactory="androidx.core.app.CoreComponentFactory"
16-->[androidx.core:core:1.5.0-alpha05] AndroidManifest.xml:24:18-86
17        android:debuggable="true"
18        android:extractNativeLibs="false"
19        android:icon="@mipmap/ic_launcher"
19-->src\main\AndroidManifest.xml:10:9-43
20        android:label="@string/app_name"
20-->src\main\AndroidManifest.xml:11:9-41
21        android:roundIcon="@mipmap/ic_launcher_round"
21-->src\main\AndroidManifest.xml:12:9-54
22        android:supportsRtl="true"
22-->src\main\AndroidManifest.xml:13:9-35
23        android:testOnly="true"
24        android:theme="@style/Theme.FirebaseSocialAuth.DayNight" >
24-->src\main\AndroidManifest.xml:14:9-65
25        <activity
25-->src\main\AndroidManifest.xml:15:9-18:83
26            android:name="com.ID.loginappdemo.SplashScreen"
26-->src\main\AndroidManifest.xml:16:13-41
27            android:label="@string/title_activity_main"
27-->src\main\AndroidManifest.xml:17:13-56
28            android:theme="@style/Theme.FirebaseSocialAuth.DayNight.NoActionBar" />
28-->src\main\AndroidManifest.xml:18:13-81
29        <activity android:name="com.ID.loginappdemo.MainActivity" >
29-->src\main\AndroidManifest.xml:19:9-25:20
29-->src\main\AndroidManifest.xml:19:19-47
30            <intent-filter>
30-->src\main\AndroidManifest.xml:20:13-24:29
31                <action android:name="android.intent.action.MAIN" />
31-->src\main\AndroidManifest.xml:21:17-69
31-->src\main\AndroidManifest.xml:21:25-66
32
33                <category android:name="android.intent.category.LAUNCHER" />
33-->src\main\AndroidManifest.xml:23:17-77
33-->src\main\AndroidManifest.xml:23:27-74
34            </intent-filter>
35        </activity>
36        <activity android:name="com.ID.loginappdemo.PostToAllSocialMedia" />
36-->src\main\AndroidManifest.xml:26:9-58
36-->src\main\AndroidManifest.xml:26:19-55
37        <activity android:name="com.ID.loginappdemo.fb_activity" />
37-->src\main\AndroidManifest.xml:27:9-49
37-->src\main\AndroidManifest.xml:27:19-46
38        <activity android:name="com.ID.loginappdemo.Authentication" />
38-->src\main\AndroidManifest.xml:28:9-52
38-->src\main\AndroidManifest.xml:28:19-49
39
40        <meta-data
40-->src\main\AndroidManifest.xml:30:9-32:55
41            android:name="com.facebook.sdk.ApplicationId"
41-->src\main\AndroidManifest.xml:31:13-58
42            android:value="@string/facebook_app_id" />
42-->src\main\AndroidManifest.xml:32:13-52
43        <meta-data
43-->src\main\AndroidManifest.xml:33:9-35:57
44            android:name="preloaded_fonts"
44-->src\main\AndroidManifest.xml:34:13-43
45            android:resource="@array/preloaded_fonts" />
45-->src\main\AndroidManifest.xml:35:13-54
46
47        <activity
47-->src\main\AndroidManifest.xml:37:9-40:48
48            android:name="com.facebook.FacebookActivity"
48-->src\main\AndroidManifest.xml:38:13-57
49            android:configChanges="keyboard|keyboardHidden|screenLayout|screenSize|orientation"
49-->src\main\AndroidManifest.xml:39:13-96
50            android:label="@string/app_name"
50-->src\main\AndroidManifest.xml:40:13-45
51            android:theme="@style/com_facebook_activity_theme" />
51-->[com.facebook.android:facebook-common:5.0.1] AndroidManifest.xml:32:13-63
52        <activity
52-->src\main\AndroidManifest.xml:41:9-50:20
53            android:name="com.facebook.CustomTabActivity"
53-->src\main\AndroidManifest.xml:42:13-58
54            android:exported="true" >
54-->src\main\AndroidManifest.xml:43:13-36
55            <intent-filter>
55-->src\main\AndroidManifest.xml:44:13-49:29
56                <action android:name="android.intent.action.VIEW" />
56-->src\main\AndroidManifest.xml:45:17-69
56-->src\main\AndroidManifest.xml:45:25-66
57
58                <category android:name="android.intent.category.DEFAULT" />
58-->src\main\AndroidManifest.xml:46:17-76
58-->src\main\AndroidManifest.xml:46:27-73
59                <category android:name="android.intent.category.BROWSABLE" />
59-->src\main\AndroidManifest.xml:47:17-78
59-->src\main\AndroidManifest.xml:47:27-75
60
61                <data android:scheme="@string/fb_login_protocol_scheme" />
61-->src\main\AndroidManifest.xml:48:17-75
61-->src\main\AndroidManifest.xml:48:23-72
62            </intent-filter>
63        </activity>
64        <activity android:name="com.facebook.CustomTabMainActivity" />
64-->[com.facebook.android:facebook-common:5.0.1] AndroidManifest.xml:33:9-71
64-->[com.facebook.android:facebook-common:5.0.1] AndroidManifest.xml:33:19-68
65        <activity
65-->[com.google.firebase:firebase-auth:20.0.1] AndroidManifest.xml:27:9-44:20
66            android:name="com.google.firebase.auth.internal.GenericIdpActivity"
66-->[com.google.firebase:firebase-auth:20.0.1] AndroidManifest.xml:28:13-80
67            android:excludeFromRecents="true"
67-->[com.google.firebase:firebase-auth:20.0.1] AndroidManifest.xml:29:13-46
68            android:exported="true"
68-->[com.google.firebase:firebase-auth:20.0.1] AndroidManifest.xml:30:13-36
69            android:launchMode="singleTask"
69-->[com.google.firebase:firebase-auth:20.0.1] AndroidManifest.xml:31:13-44
70            android:theme="@android:style/Theme.Translucent.NoTitleBar" >
70-->[com.google.firebase:firebase-auth:20.0.1] AndroidManifest.xml:32:13-72
71            <intent-filter>
71-->[com.google.firebase:firebase-auth:20.0.1] AndroidManifest.xml:33:13-43:29
72                <action android:name="android.intent.action.VIEW" />
72-->src\main\AndroidManifest.xml:45:17-69
72-->src\main\AndroidManifest.xml:45:25-66
73
74                <category android:name="android.intent.category.DEFAULT" />
74-->src\main\AndroidManifest.xml:46:17-76
74-->src\main\AndroidManifest.xml:46:27-73
75                <category android:name="android.intent.category.BROWSABLE" />
75-->src\main\AndroidManifest.xml:47:17-78
75-->src\main\AndroidManifest.xml:47:27-75
76
77                <data
77-->src\main\AndroidManifest.xml:48:17-75
78                    android:host="firebase.auth"
79                    android:path="/"
80                    android:scheme="genericidp" />
80-->src\main\AndroidManifest.xml:48:23-72
81            </intent-filter>
82        </activity>
83        <activity
83-->[com.google.firebase:firebase-auth:20.0.1] AndroidManifest.xml:45:9-62:20
84            android:name="com.google.firebase.auth.internal.RecaptchaActivity"
84-->[com.google.firebase:firebase-auth:20.0.1] AndroidManifest.xml:46:13-79
85            android:excludeFromRecents="true"
85-->[com.google.firebase:firebase-auth:20.0.1] AndroidManifest.xml:47:13-46
86            android:exported="true"
86-->[com.google.firebase:firebase-auth:20.0.1] AndroidManifest.xml:48:13-36
87            android:launchMode="singleTask"
87-->[com.google.firebase:firebase-auth:20.0.1] AndroidManifest.xml:49:13-44
88            android:theme="@android:style/Theme.Translucent.NoTitleBar" >
88-->[com.google.firebase:firebase-auth:20.0.1] AndroidManifest.xml:50:13-72
89            <intent-filter>
89-->[com.google.firebase:firebase-auth:20.0.1] AndroidManifest.xml:51:13-61:29
90                <action android:name="android.intent.action.VIEW" />
90-->src\main\AndroidManifest.xml:45:17-69
90-->src\main\AndroidManifest.xml:45:25-66
91
92                <category android:name="android.intent.category.DEFAULT" />
92-->src\main\AndroidManifest.xml:46:17-76
92-->src\main\AndroidManifest.xml:46:27-73
93                <category android:name="android.intent.category.BROWSABLE" />
93-->src\main\AndroidManifest.xml:47:17-78
93-->src\main\AndroidManifest.xml:47:27-75
94
95                <data
95-->src\main\AndroidManifest.xml:48:17-75
96                    android:host="firebase.auth"
97                    android:path="/"
98                    android:scheme="recaptcha" />
98-->src\main\AndroidManifest.xml:48:23-72
99            </intent-filter>
100        </activity>
101
102        <service
102-->[com.google.firebase:firebase-auth:20.0.1] AndroidManifest.xml:64:9-73:19
103            android:name="com.google.firebase.auth.api.fallback.service.FirebaseAuthFallbackService"
103-->[com.google.firebase:firebase-auth:20.0.1] AndroidManifest.xml:65:13-101
104            android:enabled="true"
104-->[com.google.firebase:firebase-auth:20.0.1] AndroidManifest.xml:66:13-35
105            android:exported="false" >
105-->[com.google.firebase:firebase-auth:20.0.1] AndroidManifest.xml:67:13-37
106            <intent-filter>
106-->[com.google.firebase:firebase-auth:20.0.1] AndroidManifest.xml:68:13-72:29
107                <action android:name="com.google.firebase.auth.api.gms.service.START" />
107-->[com.google.firebase:firebase-auth:20.0.1] AndroidManifest.xml:69:17-89
107-->[com.google.firebase:firebase-auth:20.0.1] AndroidManifest.xml:69:25-86
108
109                <category android:name="android.intent.category.DEFAULT" />
109-->src\main\AndroidManifest.xml:46:17-76
109-->src\main\AndroidManifest.xml:46:27-73
110            </intent-filter>
111        </service>
112        <service
112-->[com.google.firebase:firebase-auth:20.0.1] AndroidManifest.xml:74:9-80:19
113            android:name="com.google.firebase.components.ComponentDiscoveryService"
113-->[com.google.firebase:firebase-auth:20.0.1] AndroidManifest.xml:75:13-84
114            android:directBootAware="true"
114-->[com.google.firebase:firebase-common:19.4.0] AndroidManifest.xml:35:13-43
115            android:exported="false" >
115-->[com.google.firebase:firebase-auth:20.0.1] AndroidManifest.xml:76:13-37
116            <meta-data
116-->[com.google.firebase:firebase-auth:20.0.1] AndroidManifest.xml:77:13-79:85
117                android:name="com.google.firebase.components:com.google.firebase.auth.FirebaseAuthRegistrar"
117-->[com.google.firebase:firebase-auth:20.0.1] AndroidManifest.xml:78:17-109
118                android:value="com.google.firebase.components.ComponentRegistrar" />
118-->[com.google.firebase:firebase-auth:20.0.1] AndroidManifest.xml:79:17-82
119        </service>
120
121        <activity
121-->[com.twitter.sdk.android:tweet-ui:3.1.1] AndroidManifest.xml:28:9-31:49
122            android:name="com.twitter.sdk.android.tweetui.PlayerActivity"
122-->[com.twitter.sdk.android:tweet-ui:3.1.1] AndroidManifest.xml:29:13-74
123            android:configChanges="keyboardHidden|orientation|screenSize"
123-->[com.twitter.sdk.android:tweet-ui:3.1.1] AndroidManifest.xml:30:13-74
124            android:theme="@style/MediaTheme" />
124-->[com.twitter.sdk.android:tweet-ui:3.1.1] AndroidManifest.xml:31:13-46
125        <activity
125-->[com.twitter.sdk.android:tweet-ui:3.1.1] AndroidManifest.xml:32:9-34:49
126            android:name="com.twitter.sdk.android.tweetui.GalleryActivity"
126-->[com.twitter.sdk.android:tweet-ui:3.1.1] AndroidManifest.xml:33:13-75
127            android:theme="@style/MediaTheme" />
127-->[com.twitter.sdk.android:tweet-ui:3.1.1] AndroidManifest.xml:34:13-46
128        <activity
128-->[com.twitter.sdk.android:twitter-mopub:3.1.1] AndroidManifest.xml:28:9-30:77
129            android:name="com.mopub.mobileads.MoPubActivity"
129-->[com.twitter.sdk.android:twitter-mopub:3.1.1] AndroidManifest.xml:29:13-61
130            android:configChanges="keyboardHidden|orientation|screenSize" />
130-->[com.twitter.sdk.android:twitter-mopub:3.1.1] AndroidManifest.xml:30:13-74
131        <activity
131-->[com.twitter.sdk.android:twitter-mopub:3.1.1] AndroidManifest.xml:31:9-33:77
132            android:name="com.mopub.mobileads.MraidActivity"
132-->[com.twitter.sdk.android:twitter-mopub:3.1.1] AndroidManifest.xml:32:13-61
133            android:configChanges="keyboardHidden|orientation|screenSize" />
133-->[com.twitter.sdk.android:twitter-mopub:3.1.1] AndroidManifest.xml:33:13-74
134        <activity
134-->[com.twitter.sdk.android:twitter-mopub:3.1.1] AndroidManifest.xml:34:9-36:77
135            android:name="com.mopub.common.MoPubBrowser"
135-->[com.twitter.sdk.android:twitter-mopub:3.1.1] AndroidManifest.xml:35:13-57
136            android:configChanges="keyboardHidden|orientation|screenSize" />
136-->[com.twitter.sdk.android:twitter-mopub:3.1.1] AndroidManifest.xml:36:13-74
137        <activity
137-->[com.twitter.sdk.android:twitter-mopub:3.1.1] AndroidManifest.xml:37:9-39:77
138            android:name="com.mopub.mobileads.MraidVideoPlayerActivity"
138-->[com.twitter.sdk.android:twitter-mopub:3.1.1] AndroidManifest.xml:38:13-72
139            android:configChanges="keyboardHidden|orientation|screenSize" />
139-->[com.twitter.sdk.android:twitter-mopub:3.1.1] AndroidManifest.xml:39:13-74
140        <!--
141         The initialization ContentProvider will call FacebookSdk.sdkInitialize automatically
142         with the application context. This config is merged in with the host app's manifest,
143         but there can only be one provider with the same authority activated at any given
144         point; so if the end user has two or more different apps that use Facebook SDK, only the
145         first one will be able to use the provider. To work around this problem, we use the
146         following placeholder in the authority to identify each host application as if it was
147         a completely different provider.
148        -->
149        <provider
149-->[com.facebook.android:facebook-core:5.0.1] AndroidManifest.xml:39:9-42:40
150            android:name="com.facebook.internal.FacebookInitProvider"
150-->[com.facebook.android:facebook-core:5.0.1] AndroidManifest.xml:40:13-70
151            android:authorities="com.ID.loginappdemo.FacebookInitProvider"
151-->[com.facebook.android:facebook-core:5.0.1] AndroidManifest.xml:41:13-72
152            android:exported="false" />
152-->[com.facebook.android:facebook-core:5.0.1] AndroidManifest.xml:42:13-37
153
154        <receiver
154-->[com.facebook.android:facebook-core:5.0.1] AndroidManifest.xml:44:9-50:20
155            android:name="com.facebook.CurrentAccessTokenExpirationBroadcastReceiver"
155-->[com.facebook.android:facebook-core:5.0.1] AndroidManifest.xml:45:13-86
156            android:exported="false" >
156-->[com.facebook.android:facebook-core:5.0.1] AndroidManifest.xml:46:13-37
157            <intent-filter>
157-->[com.facebook.android:facebook-core:5.0.1] AndroidManifest.xml:47:13-49:29
158                <action android:name="com.facebook.sdk.ACTION_CURRENT_ACCESS_TOKEN_CHANGED" />
158-->[com.facebook.android:facebook-core:5.0.1] AndroidManifest.xml:48:17-95
158-->[com.facebook.android:facebook-core:5.0.1] AndroidManifest.xml:48:25-92
159            </intent-filter>
160        </receiver>
161        <receiver
161-->[com.facebook.android:facebook-core:5.0.1] AndroidManifest.xml:51:9-58:20
162            android:name="com.facebook.CampaignTrackingReceiver"
162-->[com.facebook.android:facebook-core:5.0.1] AndroidManifest.xml:52:13-65
163            android:exported="true"
163-->[com.facebook.android:facebook-core:5.0.1] AndroidManifest.xml:53:13-36
164            android:permission="android.permission.INSTALL_PACKAGES" >
164-->[com.facebook.android:facebook-core:5.0.1] AndroidManifest.xml:54:13-69
165            <intent-filter>
165-->[com.facebook.android:facebook-core:5.0.1] AndroidManifest.xml:55:13-57:29
166                <action android:name="com.android.vending.INSTALL_REFERRER" />
166-->[com.facebook.android:facebook-core:5.0.1] AndroidManifest.xml:56:17-79
166-->[com.facebook.android:facebook-core:5.0.1] AndroidManifest.xml:56:25-76
167            </intent-filter>
168        </receiver>
169
170        <provider
170-->[com.google.firebase:firebase-common:19.4.0] AndroidManifest.xml:26:9-31:39
171            android:name="com.google.firebase.provider.FirebaseInitProvider"
171-->[com.google.firebase:firebase-common:19.4.0] AndroidManifest.xml:27:13-77
172            android:authorities="com.ID.loginappdemo.firebaseinitprovider"
172-->[com.google.firebase:firebase-common:19.4.0] AndroidManifest.xml:28:13-72
173            android:directBootAware="true"
173-->[com.google.firebase:firebase-common:19.4.0] AndroidManifest.xml:29:13-43
174            android:exported="false"
174-->[com.google.firebase:firebase-common:19.4.0] AndroidManifest.xml:30:13-37
175            android:initOrder="100" />
175-->[com.google.firebase:firebase-common:19.4.0] AndroidManifest.xml:31:13-36
176
177        <activity
177-->[com.google.android.gms:play-services-base:17.1.0] AndroidManifest.xml:23:9-26:75
178            android:name="com.google.android.gms.common.api.GoogleApiActivity"
178-->[com.google.android.gms:play-services-base:17.1.0] AndroidManifest.xml:24:13-79
179            android:exported="false"
179-->[com.google.android.gms:play-services-base:17.1.0] AndroidManifest.xml:25:13-37
180            android:theme="@android:style/Theme.Translucent.NoTitleBar" />
180-->[com.google.android.gms:play-services-base:17.1.0] AndroidManifest.xml:26:13-72
181
182        <meta-data
182-->[com.google.android.gms:play-services-basement:17.1.0] AndroidManifest.xml:23:9-25:69
183            android:name="com.google.android.gms.version"
183-->[com.google.android.gms:play-services-basement:17.1.0] AndroidManifest.xml:24:13-58
184            android:value="@integer/google_play_services_version" />
184-->[com.google.android.gms:play-services-basement:17.1.0] AndroidManifest.xml:25:13-66
185
186        <activity
186-->[com.twitter.sdk.android:tweet-composer:3.1.1] AndroidManifest.xml:28:9-31:71
187            android:name="com.twitter.sdk.android.tweetcomposer.ComposerActivity"
187-->[com.twitter.sdk.android:tweet-composer:3.1.1] AndroidManifest.xml:29:13-82
188            android:exported="false"
188-->[com.twitter.sdk.android:tweet-composer:3.1.1] AndroidManifest.xml:30:13-37
189            android:windowSoftInputMode="adjustResize|stateVisible" />
189-->[com.twitter.sdk.android:tweet-composer:3.1.1] AndroidManifest.xml:31:13-68
190
191        <service
191-->[com.twitter.sdk.android:tweet-composer:3.1.1] AndroidManifest.xml:33:9-36:40
192            android:name="com.twitter.sdk.android.tweetcomposer.TweetUploadService"
192-->[com.twitter.sdk.android:tweet-composer:3.1.1] AndroidManifest.xml:34:13-84
193            android:enabled="true"
193-->[com.twitter.sdk.android:tweet-composer:3.1.1] AndroidManifest.xml:35:13-35
194            android:exported="false" />
194-->[com.twitter.sdk.android:tweet-composer:3.1.1] AndroidManifest.xml:36:13-37
195
196        <activity
196-->[com.twitter.sdk.android:twitter-core:3.1.1] AndroidManifest.xml:28:9-32:40
197            android:name="com.twitter.sdk.android.core.identity.OAuthActivity"
197-->[com.twitter.sdk.android:twitter-core:3.1.1] AndroidManifest.xml:29:13-79
198            android:configChanges="orientation|screenSize"
198-->[com.twitter.sdk.android:twitter-core:3.1.1] AndroidManifest.xml:30:13-59
199            android:excludeFromRecents="true"
199-->[com.twitter.sdk.android:twitter-core:3.1.1] AndroidManifest.xml:31:13-46
200            android:exported="false" />
200-->[com.twitter.sdk.android:twitter-core:3.1.1] AndroidManifest.xml:32:13-37
201    </application>
202
203</manifest>